<?xml version="1.0" encoding="UTF-8"?>
<!-- Generated by org.testng.reporters.JUnitReportReporter -->
<testsuite hostname="jemsnroy" failures="0" tests="3" name="com.qa.INTest.Tests.JSAlertTest" time="3.500" errors="0" timestamp="29 Dec. 2022 19:12:49 GMT" skipped="0">
  <testcase classname="com.qa.INTest.Tests.JSAlertTest" name="vldJSAlertBtnTest" time="1.166"/>
  <testcase classname="com.qa.INTest.Tests.JSAlertTest" name="vldJSconfirmBtnTest" time="1.160"/>
  <testcase classname="com.qa.INTest.Tests.JSAlertTest" name="vldJSPromptBtnTest" time="1.174"/>
</testsuite> <!-- com.qa.INTest.Tests.JSAlertTest -->
