<?xml version="1.0" encoding="UTF-8"?>
<!-- Generated by org.testng.reporters.JUnitReportReporter -->
<testsuite hostname="jemsnroy" failures="0" tests="3" name="com.qa.INTest.Tests.MouseHoverTest" time="3.803" errors="0" timestamp="29 Dec. 2022 19:12:49 GMT" skipped="0">
  <testcase classname="com.qa.INTest.Tests.MouseHoverTest" name="vldFirstImageTest" time="1.243"/>
  <testcase classname="com.qa.INTest.Tests.MouseHoverTest" name="vldSecondImageTest" time="1.244"/>
  <testcase classname="com.qa.INTest.Tests.MouseHoverTest" name="vldThirdImageTest" time="1.316"/>
</testsuite> <!-- com.qa.INTest.Tests.MouseHoverTest -->
