<?xml version="1.0" encoding="UTF-8"?>
<!-- Generated by org.testng.reporters.JUnitReportReporter -->
<testsuite hostname="jemsnroy" failures="0" tests="1" name="com.qa.INTest.Tests.FloatingMenuTest" time="1.169" errors="0" timestamp="29 Dec. 2022 19:12:49 GMT" skipped="0">
  <testcase classname="com.qa.INTest.Tests.FloatingMenuTest" name="vldFileUploadTest" time="1.169"/>
</testsuite> <!-- com.qa.INTest.Tests.FloatingMenuTest -->
