<?xml version="1.0" encoding="UTF-8"?>
<!-- Generated by org.testng.reporters.JUnitReportReporter -->
<testsuite hostname="jemsnroy" failures="0" tests="2" name="com.qa.INTest.Tests.CheckboxesTest" time="12.321" errors="0" timestamp="29 Dec. 2022 19:12:49 GMT" skipped="0">
  <testcase classname="com.qa.INTest.Tests.CheckboxesTest" name="vldCheckedboxes" time="1.134"/>
  <testcase classname="com.qa.INTest.Tests.CheckboxesTest" name="vldUnCheckedboxes" time="11.187"/>
</testsuite> <!-- com.qa.INTest.Tests.CheckboxesTest -->
