<?xml version="1.0" encoding="UTF-8"?>
<!-- Generated by org.testng.reporters.JUnitReportReporter -->
<testsuite hostname="jemsnroy" failures="0" tests="1" name="com.qa.INTest.Tests.LoginFailureTest" time="1.398" errors="0" timestamp="29 Dec. 2022 19:12:49 GMT" skipped="0">
  <testcase classname="com.qa.INTest.Tests.LoginFailureTest" name="vldLoginSuccess" time="1.398"/>
</testsuite> <!-- com.qa.INTest.Tests.LoginFailureTest -->
