<?xml version="1.0" encoding="UTF-8"?>
<!-- Generated by org.testng.reporters.JUnitReportReporter -->
<testsuite hostname="jemsnroy" failures="0" tests="2" name="com.qa.INTest.Tests.DynamicContolsTest" time="11.471" errors="0" timestamp="29 Dec. 2022 19:12:49 GMT" skipped="0">
  <testcase classname="com.qa.INTest.Tests.DynamicContolsTest" name="vldClickRemoveTest" time="4.205"/>
  <testcase classname="com.qa.INTest.Tests.DynamicContolsTest" name="vldClickEnableTest" time="7.266"/>
</testsuite> <!-- com.qa.INTest.Tests.DynamicContolsTest -->
