<?xml version="1.0" encoding="UTF-8"?>
<!-- Generated by org.testng.reporters.JUnitReportReporter -->
<testsuite hostname="jemsnroy" failures="0" tests="2" name="com.qa.INTest.Tests.CheckboxesTest" time="16.717" errors="0" timestamp="29 Dec. 2022 00:21:06 GMT" skipped="0">
  <testcase classname="com.qa.INTest.Tests.CheckboxesTest" name="vldCheckedboxes" time="3.468"/>
  <testcase classname="com.qa.INTest.Tests.CheckboxesTest" name="vldUnCheckedboxes" time="13.249"/>
</testsuite> <!-- com.qa.INTest.Tests.CheckboxesTest -->
