<?xml version="1.0" encoding="UTF-8"?>
<!-- Generated by org.testng.reporters.JUnitReportReporter -->
<testsuite hostname="jemsnroy" failures="0" tests="1" name="com.qa.INTest.Tests.LoginSuccessTest" time="3.567" errors="0" timestamp="29 Dec. 2022 00:21:06 GMT" skipped="0">
  <testcase classname="com.qa.INTest.Tests.LoginSuccessTest" name="vldLoginSuccess" time="3.567"/>
</testsuite> <!-- com.qa.INTest.Tests.LoginSuccessTest -->
